<?xml version="1.0" encoding="UTF-8"?>
<!-- Generated by org.testng.reporters.JUnitXMLReporter -->
<testsuite ignored="0" hostname="DESKTOP-9HG1TI6" failures="0" tests="3" name="Default test" time="0.158" errors="0" timestamp="2025-04-27T15:05:11 IST">
  <testcase classname="dataProvide" name="testCaseData" time="0.016"/>
  <testcase classname="dataProvide" name="testCaseData" time="0.003"/>
  <testcase classname="dataProvide" name="testCaseData" time="0.006"/>
</testsuite> <!-- Default test -->
