<?xml version="1.0" encoding="UTF-8"?>
<!-- Generated by org.testng.reporters.JUnitXMLReporter -->
<testsuite ignored="0" hostname="DESKTOP-9HG1TI6" failures="0" tests="6" name="Default test" time="2.823" errors="0" timestamp="2025-04-27T16:16:28 IST">
  <testcase classname="dataProvide" name="testCaseData1" time="0.013"/>
  <testcase classname="dataProvide" name="testCaseData1" time="0.001"/>
  <testcase classname="dataProvide" name="testCaseData1" time="0.003"/>
  <testcase classname="dataProvide" name="testCaseData2" time="0.004"/>
  <testcase classname="dataProvide" name="testCaseData2" time="0.009"/>
  <testcase classname="dataProvide" name="testCaseData2" time="0.016"/>
</testsuite> <!-- Default test -->
