<?xml version="1.0" encoding="UTF-8"?>
<testng-results ignored="0" total="3" passed="3" failed="0" skipped="0">
  <reporter-output>
  </reporter-output>
  <suite started-at="2025-04-27T15:05:11 IST" name="Default suite" finished-at="2025-04-27T15:05:11 IST" duration-ms="158">
    <groups>
    </groups>
    <test started-at="2025-04-27T15:05:11 IST" name="Default test" finished-at="2025-04-27T15:05:11 IST" duration-ms="158">
      <class name="dataProvide">
        <test-method signature="testCaseData(java.lang.String,java.lang.String,int)[pri:0, instance:dataProvide@9597028]" started-at="2025-04-27T15:05:11 IST" name="testCaseData" data-provider="driveTest" finished-at="2025-04-27T15:05:11 IST" duration-ms="16" status="PASS">
          <params>
            <param index="0">
              <value>
                <![CDATA[Hello1]]>
              </value>
            </param>
            <param index="1">
              <value>
                <![CDATA[Text1]]>
              </value>
            </param>
            <param index="2">
              <value>
                <![CDATA[1]]>
              </value>
            </param>
          </params>
          <reporter-output>
          </reporter-output>
        </test-method> <!-- testCaseData -->
        <test-method signature="testCaseData(java.lang.String,java.lang.String,int)[pri:0, instance:dataProvide@9597028]" started-at="2025-04-27T15:05:11 IST" name="testCaseData" data-provider="driveTest" finished-at="2025-04-27T15:05:11 IST" duration-ms="3" status="PASS">
          <params>
            <param index="0">
              <value>
                <![CDATA[Hello2]]>
              </value>
            </param>
            <param index="1">
              <value>
                <![CDATA[Text2]]>
              </value>
            </param>
            <param index="2">
              <value>
                <![CDATA[2]]>
              </value>
            </param>
          </params>
          <reporter-output>
          </reporter-output>
        </test-method> <!-- testCaseData -->
        <test-method signature="testCaseData(java.lang.String,java.lang.String,int)[pri:0, instance:dataProvide@9597028]" started-at="2025-04-27T15:05:11 IST" name="testCaseData" data-provider="driveTest" finished-at="2025-04-27T15:05:11 IST" duration-ms="6" status="PASS">
          <params>
            <param index="0">
              <value>
                <![CDATA[Hello3]]>
              </value>
            </param>
            <param index="1">
              <value>
                <![CDATA[Text3]]>
              </value>
            </param>
            <param index="2">
              <value>
                <![CDATA[3]]>
              </value>
            </param>
          </params>
          <reporter-output>
          </reporter-output>
        </test-method> <!-- testCaseData -->
      </class> <!-- dataProvide -->
    </test> <!-- Default test -->
  </suite> <!-- Default suite -->
</testng-results>
