<?xml version="1.0" encoding="UTF-8"?>
<testng-results ignored="0" total="6" passed="6" failed="0" skipped="0">
  <reporter-output>
  </reporter-output>
  <suite started-at="2025-04-27T16:16:25 IST" name="Default suite" finished-at="2025-04-27T16:16:28 IST" duration-ms="2823">
    <groups>
    </groups>
    <test started-at="2025-04-27T16:16:25 IST" name="Default test" finished-at="2025-04-27T16:16:28 IST" duration-ms="2823">
      <class name="dataProvide">
        <test-method signature="testCaseData1(java.lang.String,java.lang.String,int)[pri:0, instance:dataProvide@37f1104d]" started-at="2025-04-27T16:16:26 IST" name="testCaseData1" data-provider="driveTest1" finished-at="2025-04-27T16:16:26 IST" duration-ms="13" status="PASS">
          <params>
            <param index="0">
              <value>
                <![CDATA[Hello1]]>
              </value>
            </param>
            <param index="1">
              <value>
                <![CDATA[Text1]]>
              </value>
            </param>
            <param index="2">
              <value>
                <![CDATA[1]]>
              </value>
            </param>
          </params>
          <reporter-output>
          </reporter-output>
        </test-method> <!-- testCaseData1 -->
        <test-method signature="testCaseData1(java.lang.String,java.lang.String,int)[pri:0, instance:dataProvide@37f1104d]" started-at="2025-04-27T16:16:26 IST" name="testCaseData1" data-provider="driveTest1" finished-at="2025-04-27T16:16:26 IST" duration-ms="1" status="PASS">
          <params>
            <param index="0">
              <value>
                <![CDATA[Hello2]]>
              </value>
            </param>
            <param index="1">
              <value>
                <![CDATA[Text2]]>
              </value>
            </param>
            <param index="2">
              <value>
                <![CDATA[2]]>
              </value>
            </param>
          </params>
          <reporter-output>
          </reporter-output>
        </test-method> <!-- testCaseData1 -->
        <test-method signature="testCaseData1(java.lang.String,java.lang.String,int)[pri:0, instance:dataProvide@37f1104d]" started-at="2025-04-27T16:16:26 IST" name="testCaseData1" data-provider="driveTest1" finished-at="2025-04-27T16:16:26 IST" duration-ms="3" status="PASS">
          <params>
            <param index="0">
              <value>
                <![CDATA[Hello3]]>
              </value>
            </param>
            <param index="1">
              <value>
                <![CDATA[Text3]]>
              </value>
            </param>
            <param index="2">
              <value>
                <![CDATA[3]]>
              </value>
            </param>
          </params>
          <reporter-output>
          </reporter-output>
        </test-method> <!-- testCaseData1 -->
        <test-method signature="testCaseData2(java.lang.String,java.lang.String,java.lang.String)[pri:0, instance:dataProvide@37f1104d]" started-at="2025-04-27T16:16:28 IST" name="testCaseData2" data-provider="driveTest2" finished-at="2025-04-27T16:16:28 IST" duration-ms="4" status="PASS">
          <params>
            <param index="0">
              <value>
                <![CDATA[Hello1]]>
              </value>
            </param>
            <param index="1">
              <value>
                <![CDATA[Text1]]>
              </value>
            </param>
            <param index="2">
              <value>
                <![CDATA[1]]>
              </value>
            </param>
          </params>
          <reporter-output>
          </reporter-output>
        </test-method> <!-- testCaseData2 -->
        <test-method signature="testCaseData2(java.lang.String,java.lang.String,java.lang.String)[pri:0, instance:dataProvide@37f1104d]" started-at="2025-04-27T16:16:28 IST" name="testCaseData2" data-provider="driveTest2" finished-at="2025-04-27T16:16:28 IST" duration-ms="9" status="PASS">
          <params>
            <param index="0">
              <value>
                <![CDATA[Hello2 ]]>
              </value>
            </param>
            <param index="1">
              <value>
                <![CDATA[Text2 ]]>
              </value>
            </param>
            <param index="2">
              <value>
                <![CDATA[2]]>
              </value>
            </param>
          </params>
          <reporter-output>
          </reporter-output>
        </test-method> <!-- testCaseData2 -->
        <test-method signature="testCaseData2(java.lang.String,java.lang.String,java.lang.String)[pri:0, instance:dataProvide@37f1104d]" started-at="2025-04-27T16:16:28 IST" name="testCaseData2" data-provider="driveTest2" finished-at="2025-04-27T16:16:28 IST" duration-ms="16" status="PASS">
          <params>
            <param index="0">
              <value>
                <![CDATA[Hello3 ]]>
              </value>
            </param>
            <param index="1">
              <value>
                <![CDATA[Text3 ]]>
              </value>
            </param>
            <param index="2">
              <value>
                <![CDATA[3]]>
              </value>
            </param>
          </params>
          <reporter-output>
          </reporter-output>
        </test-method> <!-- testCaseData2 -->
      </class> <!-- dataProvide -->
    </test> <!-- Default test -->
  </suite> <!-- Default suite -->
</testng-results>
